#
# There is insufficient memory for the Java Runtime Environment to continue.
# Native memory allocation (mmap) failed to map 536870912 bytes. Error detail: G1 virtual space
# Possible reasons:
#   The system is out of physical RAM or swap space
#   This process is running with CompressedOops enabled, and the Java Heap may be blocking the growth of the native heap
# Possible solutions:
#   Reduce memory load on the system
#   Increase physical memory or swap space
#   Check if swap backing store is full
#   Decrease Java heap size (-Xmx/-Xms)
#   Decrease number of Java threads
#   Decrease Java thread stack sizes (-Xss)
#   Set larger code cache with -XX:ReservedCodeCacheSize=
#   JVM is running with Zero Based Compressed Oops mode in which the Java heap is
#     placed in the first 32GB address space. The Java Heap base address is the
#     maximum limit for the native heap growth. Please use -XX:HeapBaseMinAddress
#     to set the Java Heap base and to place the Java Heap above 32GB virtual address.
# This output file may be truncated or incomplete.
#
#  Out of Memory Error (os_windows.cpp:3616), pid=26652, tid=8516
#
# JRE version:  (21.0.4+7) (build )
# Java VM: OpenJDK 64-Bit Server VM (21.0.4+7-LTS, mixed mode, sharing, tiered, compressed oops, compressed class ptrs, g1 gc, windows-amd64)
# No core dump will be written. Minidumps are not enabled by default on client versions of Windows
#

---------------  S U M M A R Y ------------

Command Line: -javaagent:C:\Program Files\JetBrains\IntelliJ IDEA Community Edition 2024.1.1\lib\idea_rt.jar=54807:C:\Program Files\JetBrains\IntelliJ IDEA Community Edition 2024.1.1\bin -Dfile.encoding=UTF-8 -Dsun.stdout.encoding=UTF-8 -Dsun.stderr.encoding=UTF-8 com.spring.hw.HwApplication

Host: AMD Ryzen 5 3600X 6-Core Processor             , 12 cores, 31G,  Windows 10 , 64 bit Build 17763 (10.0.17763.6189)
Time: Wed Sep 11 05:59:28 2024 RTZ 2 (зима) elapsed time: 0.007080 seconds (0d 0h 0m 0s)

---------------  T H R E A D  ---------------

Current thread (0x000002522441b2a0):  JavaThread "Unknown thread" [_thread_in_vm, id=8516, stack(0x000000d18d300000,0x000000d18d400000) (1024K)]

Stack: [0x000000d18d300000,0x000000d18d400000]
Native frames: (J=compiled Java code, j=interpreted, Vv=VM code, C=native code)
V  [jvm.dll+0x6d83d9]
V  [jvm.dll+0x8b39f3]
V  [jvm.dll+0x8b5d4e]
V  [jvm.dll+0x8b6433]
V  [jvm.dll+0x285816]
V  [jvm.dll+0x6d4b65]
V  [jvm.dll+0x6c929a]
V  [jvm.dll+0x35e2fb]
V  [jvm.dll+0x365ea6]
V  [jvm.dll+0x3b7e76]
V  [jvm.dll+0x3b8148]
V  [jvm.dll+0x331a3c]
V  [jvm.dll+0x33272b]
V  [jvm.dll+0x87bce9]
V  [jvm.dll+0x3c4f91]
V  [jvm.dll+0x865093]
V  [jvm.dll+0x45916e]
V  [jvm.dll+0x45adf1]
C  [jli.dll+0x52ab]
C  [ucrtbase.dll+0x2268a]
C  [KERNEL32.DLL+0x17ac4]
C  [ntdll.dll+0x5a8c1]


---------------  P R O C E S S  ---------------

Threads class SMR info:
_java_thread_list=0x00007ffc8a7c2048, length=0, elements={
}

Java Threads: ( => current thread )
Total: 0

Other Threads:
  0x0000025224483800 WorkerThread "GC Thread#0"                     [id=32396, stack(0x000000d18d400000,0x000000d18d500000) (1024K)]
  0x0000025224495840 ConcurrentGCThread "G1 Main Marker"            [id=22960, stack(0x000000d18d500000,0x000000d18d600000) (1024K)]
  0x0000025224496250 WorkerThread "G1 Conc#0"                       [id=7192, stack(0x000000d18d600000,0x000000d18d700000) (1024K)]

[error occurred during error reporting (printing all threads), id 0xc0000005, EXCEPTION_ACCESS_VIOLATION (0xc0000005) at pc=0x00007ffc89ec4af7]
VM state: not at safepoint (not fully initialized)

VM Mutex/Monitor currently owned by a thread:  ([mutex/lock_event])
[0x00007ffc8a8363a8] Heap_lock - owner thread: 0x000002522441b2a0

Heap address: 0x0000000600c00000, size: 8180 MB, Compressed Oops mode: Zero based, Oop shift amount: 3

CDS archive(s) mapped at: [0x0000000000000000-0x0000000000000000-0x0000000000000000), size 0, SharedBaseAddress: 0x0000000800000000, ArchiveRelocationMode: 1.
Narrow klass base: 0x0000000000000000, Narrow klass shift: 0, Narrow klass range: 0x0

GC Precious Log:
 CardTable entry size: 512
 Card Set container configuration: InlinePtr #cards 4 size 8 Array Of Cards #cards 32 size 80 Howl #buckets 8 coarsen threshold 7372 Howl Bitmap #cards 1024 size 144 coarsen threshold 921 Card regions per heap region 1 cards per card region 8192

Heap:
 garbage-first heap   total 0K, used 0K [0x0000000600c00000, 0x0000000800000000)
  region size 4096K, 0 young (0K), 0 survivors (0K)

[error occurred during error reporting (printing heap information), id 0xc0000005, EXCEPTION_ACCESS_VIOLATION (0xc0000005) at pc=0x00007ffc8a2b1cf9]
GC Heap History (0 events):
No events

Dll operation events (1 events):
Event: 0.004 Loaded shared library C:\Users\Zver\.jdks\corretto-21.0.4\bin\java.dll

Deoptimization events (0 events):
No events

Classes loaded (0 events):
No events

Classes unloaded (0 events):
No events

Classes redefined (0 events):
No events

Internal exceptions (0 events):
No events

ZGC Phase Switch (0 events):
No events

VM Operations (0 events):
No events

Memory protections (0 events):
No events

Nmethod flushes (0 events):
No events

Events (0 events):
No events


Dynamic libraries:
0x00007ff617910000 - 0x00007ff61791e000 	C:\Users\Zver\.jdks\corretto-21.0.4\bin\java.exe
0x00007ffcc48d0000 - 0x00007ffcc4abe000 	C:\Windows\SYSTEM32\ntdll.dll
0x00007ffcc3680000 - 0x00007ffcc3733000 	C:\Windows\System32\KERNEL32.DLL
0x00007ffcc0a90000 - 0x00007ffcc0d2d000 	C:\Windows\System32\KERNELBASE.dll
0x00007ffcc0990000 - 0x00007ffcc0a8a000 	C:\Windows\System32\ucrtbase.dll
0x00007ffcbafc0000 - 0x00007ffcbafdb000 	C:\Users\Zver\.jdks\corretto-21.0.4\bin\VCRUNTIME140.dll
0x00007ffcbe6b0000 - 0x00007ffcbe6c8000 	C:\Users\Zver\.jdks\corretto-21.0.4\bin\jli.dll
0x00007ffcc31a0000 - 0x00007ffcc3337000 	C:\Windows\System32\USER32.dll
0x00007ffcae5b0000 - 0x00007ffcae829000 	C:\Windows\WinSxS\amd64_microsoft.windows.common-controls_6595b64144ccf1df_6.0.17763.6189_none_de75211c5347e0e8\COMCTL32.dll
0x00007ffcc14a0000 - 0x00007ffcc14c0000 	C:\Windows\System32\win32u.dll
0x00007ffcc1c70000 - 0x00007ffcc1c99000 	C:\Windows\System32\GDI32.dll
0x00007ffcc37a0000 - 0x00007ffcc383e000 	C:\Windows\System32\msvcrt.dll
0x00007ffcc14c0000 - 0x00007ffcc1668000 	C:\Windows\System32\gdi32full.dll
0x00007ffcc3340000 - 0x00007ffcc366a000 	C:\Windows\System32\combase.dll
0x00007ffcc1700000 - 0x00007ffcc17a0000 	C:\Windows\System32\msvcp_win.dll
0x00007ffcc42d0000 - 0x00007ffcc43e8000 	C:\Windows\System32\RPCRT4.dll
0x00007ffcc1670000 - 0x00007ffcc16f2000 	C:\Windows\System32\bcryptPrimitives.dll
0x00007ffcc43f0000 - 0x00007ffcc441e000 	C:\Windows\System32\IMM32.DLL
0x00007ffcbe940000 - 0x00007ffcbe94c000 	C:\Users\Zver\.jdks\corretto-21.0.4\bin\vcruntime140_1.dll
0x00007ffcb0ac0000 - 0x00007ffcb0b4d000 	C:\Users\Zver\.jdks\corretto-21.0.4\bin\msvcp140.dll
0x00007ffc89b80000 - 0x00007ffc8a916000 	C:\Users\Zver\.jdks\corretto-21.0.4\bin\server\jvm.dll
0x00007ffcc4420000 - 0x00007ffcc44c8000 	C:\Windows\System32\ADVAPI32.dll
0x00007ffcc1bc0000 - 0x00007ffcc1c62000 	C:\Windows\System32\sechost.dll
0x00007ffcc1850000 - 0x00007ffcc1876000 	C:\Windows\System32\bcrypt.dll
0x00007ffcc0890000 - 0x00007ffcc08ed000 	C:\Windows\System32\POWRPROF.dll
0x00007ffcc3cc0000 - 0x00007ffcc3d2d000 	C:\Windows\System32\WS2_32.dll
0x00007ffcbe6d0000 - 0x00007ffcbe6f4000 	C:\Windows\SYSTEM32\WINMM.dll
0x00007ffcbbf40000 - 0x00007ffcbbf4a000 	C:\Windows\SYSTEM32\VERSION.dll
0x00007ffcbe550000 - 0x00007ffcbe57d000 	C:\Windows\SYSTEM32\WINMMBASE.dll
0x00007ffcc0940000 - 0x00007ffcc098a000 	C:\Windows\System32\cfgmgr32.dll
0x00007ffcc0870000 - 0x00007ffcc0881000 	C:\Windows\System32\kernel.appcore.dll
0x00007ffcbe660000 - 0x00007ffcbe66a000 	C:\Users\Zver\.jdks\corretto-21.0.4\bin\jimage.dll
0x00007ffcaf200000 - 0x00007ffcaf3ed000 	C:\Windows\SYSTEM32\DBGHELP.DLL
0x00007ffca1c00000 - 0x00007ffca1c2a000 	C:\Windows\SYSTEM32\dbgcore.DLL
0x00007ffcbc880000 - 0x00007ffcbc88e000 	C:\Users\Zver\.jdks\corretto-21.0.4\bin\instrument.dll
0x00007ffcbabf0000 - 0x00007ffcbac0f000 	C:\Users\Zver\.jdks\corretto-21.0.4\bin\java.dll

dbghelp: loaded successfully - version: 4.0.5 - missing functions: none
symbol engine: initialized successfully - sym options: 0x614 - pdb path: .;C:\Users\Zver\.jdks\corretto-21.0.4\bin;C:\Windows\SYSTEM32;C:\Windows\WinSxS\amd64_microsoft.windows.common-controls_6595b64144ccf1df_6.0.17763.6189_none_de75211c5347e0e8;C:\Users\Zver\.jdks\corretto-21.0.4\bin\server

VM Arguments:
jvm_args: -javaagent:C:\Program Files\JetBrains\IntelliJ IDEA Community Edition 2024.1.1\lib\idea_rt.jar=54807:C:\Program Files\JetBrains\IntelliJ IDEA Community Edition 2024.1.1\bin -Dfile.encoding=UTF-8 -Dsun.stdout.encoding=UTF-8 -Dsun.stderr.encoding=UTF-8 
java_command: com.spring.hw.HwApplication
java_class_path (initial): C:\Users\Zver\IdeaProjects\hw2\target\classes;C:\Users\Zver\.m2\repository\org\springframework\boot\spring-boot-starter-web\3.3.3\spring-boot-starter-web-3.3.3.jar;C:\Users\Zver\.m2\repository\org\springframework\boot\spring-boot-starter\3.3.3\spring-boot-starter-3.3.3.jar;C:\Users\Zver\.m2\repository\org\springframework\boot\spring-boot\3.3.3\spring-boot-3.3.3.jar;C:\Users\Zver\.m2\repository\org\springframework\boot\spring-boot-autoconfigure\3.3.3\spring-boot-autoconfigure-3.3.3.jar;C:\Users\Zver\.m2\repository\org\springframework\boot\spring-boot-starter-logging\3.3.3\spring-boot-starter-logging-3.3.3.jar;C:\Users\Zver\.m2\repository\ch\qos\logback\logback-classic\1.5.7\logback-classic-1.5.7.jar;C:\Users\Zver\.m2\repository\ch\qos\logback\logback-core\1.5.7\logback-core-1.5.7.jar;C:\Users\Zver\.m2\repository\org\apache\logging\log4j\log4j-to-slf4j\2.23.1\log4j-to-slf4j-2.23.1.jar;C:\Users\Zver\.m2\repository\org\apache\logging\log4j\log4j-api\2.23.1\log4j-api-2.23.1.jar;C:\Users\Zver\.m2\repository\org\slf4j\jul-to-slf4j\2.0.16\jul-to-slf4j-2.0.16.jar;C:\Users\Zver\.m2\repository\jakarta\annotation\jakarta.annotation-api\2.1.1\jakarta.annotation-api-2.1.1.jar;C:\Users\Zver\.m2\repository\org\yaml\snakeyaml\2.2\snakeyaml-2.2.jar;C:\Users\Zver\.m2\repository\org\springframework\boot\spring-boot-starter-json\3.3.3\spring-boot-starter-json-3.3.3.jar;C:\Users\Zver\.m2\repository\com\fasterxml\jackson\core\jackson-databind\2.17.2\jackson-databind-2.17.2.jar;C:\Users\Zver\.m2\repository\com\fasterxml\jackson\core\jackson-annotations\2.17.2\jackson-annotations-2.17.2.jar;C:\Users\Zver\.m2\repository\com\fasterxml\jackson\core\jackson-core\2.17.2\jackson-core-2.17.2.jar;C:\Users\Zver\.m2\repository\com\fasterxml\jackson\datatype\jackson-datatype-jdk8\2.17.2\jackson-datatype-jdk8-2.17.2.jar;C:\Users\Zver\.m2\repository\com\fasterxml\jackson\datatype\jackson-datatype-jsr310\2.17.2\jackson-datatype-jsr310-2.17.2.jar;C:\Users\Zver\.m2\repository\com\fasterxml\jackson\module\jackson-module-parameter-names\2.17.2\jackson-module-parameter-names-2.17.2.jar;C:\Users\Zver\.m2\repository\org\springframework\boot\spring-boot-starter-tomcat\3.3.3\spring-boot-starter-tomcat-3.3.3.jar;C:\Users\Zver\.m2\repository\org\apache\tomcat\embed\tomcat-embed-core\10.1.28\tomcat-embed-core-10.1.28.jar;C:\Users\Zver\.m2\repository\org\apache\tomcat\embed\tomcat-embed-el\10.1.28\tomcat-embed-el-10.1.28.jar;C:\Users\Zver\.m2\repository\org\apache\tomcat\embed\tomcat-embed-websocket\10.1.28\tomcat-embed-websocket-10.1.28.jar;C:\Users\Zver\.m2\repository\org\springframework\spring-web\6.1.12\spring-web-6.1.12.jar;C:\Users\Zver\.m2\repository\org\springframework\spring-beans\6.1.12\spring-beans-6.1.12.jar;C:\Users\Zver\.m2\repository\io\micrometer\micrometer-observation\1.13.3\micrometer-observation-1.13.3.jar;C:\Users\Zver\.m2\repository\io\micrometer\micrometer-commons\1.13.3\micrometer-commons-1.13.3.jar;C:\Users\Zver\.m2\repository\org\springframework\spring-webmvc\6.1.12\spring-webmvc-6.1.12.jar;C:\Users\Zver\.m2\repository\org\springframework\spring-aop\6.1.12\spring-aop-6.1.12.jar;C:\Users\Zver\.m2\repository\org\springframework\spring-context\6.1.12\spring-context-6.1.12.jar;C:\Users\Zver\.m2\repository\org\springframework\spring-expression\6.1.12\spring-expression-6.1.12.jar;C:\Users\Zver\.m2\repository\org\slf4j\slf4j-api\2.0.16\slf4j-api-2.0.16.jar;C:\Users\Zver\.m2\repository\org\springframework\spring-core\6.1.12\spring-core-6.1.12.jar;C:\Users\Zver\.m2\repository\org\springframework\spring-jcl\6.1.12\spring-jcl-6.1.12.jar
Launcher Type: SUN_STANDARD

[Global flags]
     intx CICompilerCount                          = 4                                         {product} {ergonomic}
     uint ConcGCThreads                            = 3                                         {product} {ergonomic}
     uint G1ConcRefinementThreads                  = 10                                        {product} {ergonomic}
   size_t G1HeapRegionSize                         = 4194304                                   {product} {ergonomic}
    uintx GCDrainStackTargetSize                   = 64                                        {product} {ergonomic}
   size_t InitialHeapSize                          = 536870912                                 {product} {ergonomic}
   size_t MarkStackSize                            = 4194304                                   {product} {ergonomic}
   size_t MaxHeapSize                              = 8577351680                                {product} {ergonomic}
   size_t MinHeapDeltaBytes                        = 4194304                                   {product} {ergonomic}
   size_t MinHeapSize                              = 8388608                                   {product} {ergonomic}
    uintx NonNMethodCodeHeapSize                   = 5839372                                {pd product} {ergonomic}
    uintx NonProfiledCodeHeapSize                  = 122909434                              {pd product} {ergonomic}
    uintx ProfiledCodeHeapSize                     = 122909434                              {pd product} {ergonomic}
    uintx ReservedCodeCacheSize                    = 251658240                              {pd product} {ergonomic}
     bool SegmentedCodeCache                       = true                                      {product} {ergonomic}
   size_t SoftMaxHeapSize                          = 8577351680                             {manageable} {ergonomic}
     bool UseCompressedOops                        = true                           {product lp64_product} {ergonomic}
     bool UseG1GC                                  = true                                      {product} {ergonomic}
     bool UseLargePagesIndividualAllocation        = false                                  {pd product} {ergonomic}

Logging:
Log output configuration:
 #0: stdout all=warning uptime,level,tags foldmultilines=false
 #1: stderr all=off uptime,level,tags foldmultilines=false

Environment Variables:
PATH=C:\Windows\system32;C:\Windows;C:\Windows\System32\Wbem;C:\Windows\System32\WindowsPowerShell\v1.0\;C:\Windows\System32\OpenSSH\;C:\Program Files (x86)\NVIDIA Corporation\PhysX\Common;C:\Program Files\NVIDIA Corporation\NVIDIA NvDLISR;C:\Program Files (x86)\Microsoft SQL Server\100\Tools\Binn\;C:\Program Files\Microsoft SQL Server\100\Tools\Binn\;C:\Program Files\Microsoft SQL Server\100\DTS\Binn\;C:\Program Files\Microsoft SQL Server\110\Tools\Binn\;C:\Program Files\Microsoft SQL Server\120\Tools\Binn\;C:\Program Files\Common Files\Autodesk Shared\;C:\Program Files\Git\cmd;C:\Users\Zver\AppData\Local\Microsoft\WindowsApps;
USERNAME=Zver
OS=Windows_NT
PROCESSOR_IDENTIFIER=AMD64 Family 23 Model 113 Stepping 0, AuthenticAMD
TMP=C:\Users\Zver\AppData\Local\Temp
TEMP=C:\Users\Zver\AppData\Local\Temp




Periodic native trim disabled

---------------  S Y S T E M  ---------------

OS:
 Windows 10 , 64 bit Build 17763 (10.0.17763.6189)
OS uptime: 9 days 9:48 hours

CPU: total 12 (initial active 12) (12 cores per cpu, 2 threads per core) family 23 model 113 stepping 0 microcode 0x0, cx8, cmov, fxsr, ht, mmx, 3dnowpref, sse, sse2, sse3, ssse3, sse4a, sse4.1, sse4.2, popcnt, lzcnt, tsc, tscinvbit, avx, avx2, aes, clmul, bmi1, bmi2, adx, sha, fma, vzeroupper, clflush, clflushopt, rdtscp, rdpid, f16c
Processor Information for all 12 processors :
  Max Mhz: 3793, Current Mhz: 3793, Mhz Limit: 3793

Memory: 4k page, system-wide physical 32716M (19324M free)
TotalPageFile size 40716M (AvailPageFile size 233M)
current process WorkingSet (physical memory assigned to process): 10M, peak: 10M
current process commit charge ("private bytes"): 65M, peak: 576M

vm_info: OpenJDK 64-Bit Server VM (21.0.4+7-LTS) for windows-amd64 JRE (21.0.4+7-LTS), built on 2024-07-10T17:34:29Z by "Administrator" with MS VC++ 16.10 / 16.11 (VS2019)

END.
